Watching for file changes with StatReloader
C:\G\Project\Django\firstdjango\myapp\views.py changed, reloading.
Watching for file changes with StatReloader
Not Found: /
"GET / HTTP/1.1" 404 2171
Not Found: /favicon.ico
"GET /favicon.ico HTTP/1.1" 404 2222
Not Found: /about/
"GET /about/ HTTP/1.1" 404 2207
"GET /prefix/about/ HTTP/1.1" 200 27
"GET /prefix/ HTTP/1.1" 200 13
C:\G\Project\Django\firstdjango\firstdjango\settings.py changed, reloading.
Watching for file changes with StatReloader
Index page accessed
"GET /prefix/ HTTP/1.1" 200 13
Error in about page: division by zero
Traceback (most recent call last):
  File "C:\G\Project\Django\firstdjango\myapp\views.py", line 19, in about
    result = 1 / 0
             ~~^~~
ZeroDivisionError: division by zero
"GET /prefix/about/ HTTP/1.1" 200 27
C:\G\Project\Django\firstdjango\firstdjango\settings.py changed, reloading.
INFO 2023-09-01 10:04:43,634 autoreload 860 7560 Watching for file changes with StatReloader
WARNING 2023-09-01 10:04:44,881 log 860 16700 Not Found: /
WARNING 2023-09-01 10:04:44,883 basehttp 860 16700 "GET / HTTP/1.1" 404 2171
INFO 2023-09-01 10:04:52,193 views 860 16700 Index page accessed
INFO 2023-09-01 10:04:52,194 basehttp 860 16700 "GET /prefix/ HTTP/1.1" 200 13
ERROR 2023-09-01 10:04:56,512 views 860 16700 Error in about page: division by zero
Traceback (most recent call last):
  File "C:\G\Project\Django\firstdjango\myapp\views.py", line 19, in about
    result = 1 / 0
             ~~^~~
ZeroDivisionError: division by zero
INFO 2023-09-01 10:04:56,513 basehttp 860 16700 "GET /prefix/about/ HTTP/1.1" 200 27
INFO 2023-09-01 10:27:08,257 autoreload 16760 15544 Watching for file changes with StatReloader
WARNING 2023-09-01 10:27:09,789 log 16760 14724 Not Found: /
WARNING 2023-09-01 10:27:09,790 basehttp 16760 14724 "GET / HTTP/1.1" 404 2171
ERROR 2023-09-01 10:27:15,069 views 16760 14724 Error in about page: division by zero
Traceback (most recent call last):
  File "C:\G\Project\Django\firstdjango\myapp\views.py", line 19, in about
    result = 1 / 0
             ~~^~~
ZeroDivisionError: division by zero
INFO 2023-09-01 10:27:15,072 basehttp 16760 14724 "GET /prefix/about/ HTTP/1.1" 200 27
INFO 2023-09-01 10:27:18,676 views 16760 14724 Index page accessed
INFO 2023-09-01 10:27:18,677 basehttp 16760 14724 "GET /prefix/ HTTP/1.1" 200 13
INFO 2023-09-01 10:28:38,079 views 16760 14724 Index page accessed
INFO 2023-09-01 10:28:38,079 basehttp 16760 14724 "GET /prefix/ HTTP/1.1" 200 13
INFO 2023-09-01 10:28:41,034 basehttp 16760 14724 "GET /prefix HTTP/1.1" 301 0
INFO 2023-09-01 10:28:41,038 views 16760 18420 Index page accessed
INFO 2023-09-01 10:28:41,039 basehttp 16760 18420 "GET /prefix/ HTTP/1.1" 200 13
INFO 2023-09-01 10:29:34,803 autoreload 16760 15544 C:\G\Project\Django\firstdjango\firstdjango\settings.py changed, reloading.
INFO 2023-09-01 10:29:35,237 autoreload 14496 5840 Watching for file changes with StatReloader
ERROR 2023-09-01 10:29:38,763 exception 14496 4752 Invalid HTTP_HOST header: '127.0.0.1:8000'. You may need to add '127.0.0.1' to ALLOWED_HOSTS.
Traceback (most recent call last):
  File "C:\G\Project\Django\venv\Lib\site-packages\django\core\handlers\exception.py", line 55, in inner
    response = get_response(request)
               ^^^^^^^^^^^^^^^^^^^^^
  File "C:\G\Project\Django\venv\Lib\site-packages\django\utils\deprecation.py", line 133, in __call__
    response = self.process_request(request)
               ^^^^^^^^^^^^^^^^^^^^^^^^^^^^^
  File "C:\G\Project\Django\venv\Lib\site-packages\django\middleware\common.py", line 48, in process_request
    host = request.get_host()
           ^^^^^^^^^^^^^^^^^^
  File "C:\G\Project\Django\venv\Lib\site-packages\django\http\request.py", line 150, in get_host
    raise DisallowedHost(msg)
django.core.exceptions.DisallowedHost: Invalid HTTP_HOST header: '127.0.0.1:8000'. You may need to add '127.0.0.1' to ALLOWED_HOSTS.
WARNING 2023-09-01 10:29:38,800 log 14496 4752 Bad Request: /
WARNING 2023-09-01 10:29:38,804 basehttp 14496 4752 "GET / HTTP/1.1" 400 69936
ERROR 2023-09-01 10:29:38,947 exception 14496 1416 Invalid HTTP_HOST header: '127.0.0.1:8000'. You may need to add '127.0.0.1' to ALLOWED_HOSTS.
Traceback (most recent call last):
  File "C:\G\Project\Django\venv\Lib\site-packages\django\core\handlers\exception.py", line 55, in inner
    response = get_response(request)
               ^^^^^^^^^^^^^^^^^^^^^
  File "C:\G\Project\Django\venv\Lib\site-packages\django\utils\deprecation.py", line 133, in __call__
    response = self.process_request(request)
               ^^^^^^^^^^^^^^^^^^^^^^^^^^^^^
  File "C:\G\Project\Django\venv\Lib\site-packages\django\middleware\common.py", line 48, in process_request
    host = request.get_host()
           ^^^^^^^^^^^^^^^^^^
  File "C:\G\Project\Django\venv\Lib\site-packages\django\http\request.py", line 150, in get_host
    raise DisallowedHost(msg)
django.core.exceptions.DisallowedHost: Invalid HTTP_HOST header: '127.0.0.1:8000'. You may need to add '127.0.0.1' to ALLOWED_HOSTS.
WARNING 2023-09-01 10:29:38,971 log 14496 1416 Bad Request: /favicon.ico
WARNING 2023-09-01 10:29:38,972 basehttp 14496 1416 "GET /favicon.ico HTTP/1.1" 400 69861
ERROR 2023-09-01 10:29:45,488 exception 14496 17956 Invalid HTTP_HOST header: '127.0.0.1:8000'. You may need to add '127.0.0.1' to ALLOWED_HOSTS.
Traceback (most recent call last):
  File "C:\G\Project\Django\venv\Lib\site-packages\django\core\handlers\exception.py", line 55, in inner
    response = get_response(request)
               ^^^^^^^^^^^^^^^^^^^^^
  File "C:\G\Project\Django\venv\Lib\site-packages\django\utils\deprecation.py", line 133, in __call__
    response = self.process_request(request)
               ^^^^^^^^^^^^^^^^^^^^^^^^^^^^^
  File "C:\G\Project\Django\venv\Lib\site-packages\django\middleware\common.py", line 48, in process_request
    host = request.get_host()
           ^^^^^^^^^^^^^^^^^^
  File "C:\G\Project\Django\venv\Lib\site-packages\django\http\request.py", line 150, in get_host
    raise DisallowedHost(msg)
django.core.exceptions.DisallowedHost: Invalid HTTP_HOST header: '127.0.0.1:8000'. You may need to add '127.0.0.1' to ALLOWED_HOSTS.
WARNING 2023-09-01 10:29:45,510 log 14496 17956 Bad Request: /prefix/
WARNING 2023-09-01 10:29:45,511 basehttp 14496 17956 "GET /prefix/ HTTP/1.1" 400 70096
ERROR 2023-09-01 10:29:45,557 exception 14496 18376 Invalid HTTP_HOST header: '127.0.0.1:8000'. You may need to add '127.0.0.1' to ALLOWED_HOSTS.
Traceback (most recent call last):
  File "C:\G\Project\Django\venv\Lib\site-packages\django\core\handlers\exception.py", line 55, in inner
    response = get_response(request)
               ^^^^^^^^^^^^^^^^^^^^^
  File "C:\G\Project\Django\venv\Lib\site-packages\django\utils\deprecation.py", line 133, in __call__
    response = self.process_request(request)
               ^^^^^^^^^^^^^^^^^^^^^^^^^^^^^
  File "C:\G\Project\Django\venv\Lib\site-packages\django\middleware\common.py", line 48, in process_request
    host = request.get_host()
           ^^^^^^^^^^^^^^^^^^
  File "C:\G\Project\Django\venv\Lib\site-packages\django\http\request.py", line 150, in get_host
    raise DisallowedHost(msg)
django.core.exceptions.DisallowedHost: Invalid HTTP_HOST header: '127.0.0.1:8000'. You may need to add '127.0.0.1' to ALLOWED_HOSTS.
WARNING 2023-09-01 10:29:45,576 log 14496 18376 Bad Request: /favicon.ico
WARNING 2023-09-01 10:29:45,577 basehttp 14496 18376 "GET /favicon.ico HTTP/1.1" 400 69868
INFO 2023-09-01 10:31:48,520 autoreload 17428 18352 Watching for file changes with StatReloader
WARNING 2023-09-01 10:31:50,520 log 17428 10188 Not Found: /
WARNING 2023-09-01 10:31:50,521 basehttp 17428 10188 "GET / HTTP/1.1" 404 2174
WARNING 2023-09-01 10:31:50,557 log 17428 10188 Not Found: /favicon.ico
WARNING 2023-09-01 10:31:50,557 basehttp 17428 10188 "GET /favicon.ico HTTP/1.1" 404 2225
INFO 2023-09-01 10:31:58,786 basehttp 17428 10188 "GET /prefix HTTP/1.1" 301 0
INFO 2023-09-01 10:31:58,792 views 17428 9948 Index page accessed
INFO 2023-09-01 10:31:58,794 basehttp 17428 9948 "GET /prefix/ HTTP/1.1" 200 13
INFO 2023-09-01 10:32:22,181 basehttp 17428 4428 "GET /prefix HTTP/1.1" 301 0
INFO 2023-09-01 10:32:22,334 views 17428 12816 Index page accessed
INFO 2023-09-01 10:32:22,334 basehttp 17428 12816 "GET /prefix/ HTTP/1.1" 200 13
INFO 2023-09-01 10:45:27,109 autoreload 17428 18352 C:\G\Project\Django\firstdjango\firstdjango\urls.py changed, reloading.
INFO 2023-09-01 10:45:27,646 autoreload 17024 8960 Watching for file changes with StatReloader
INFO 2023-09-01 11:14:48,051 autoreload 3248 16732 Watching for file changes with StatReloader
INFO 2023-09-01 11:15:38,867 autoreload 3248 16732 C:\G\Project\Django\firstdjango\myapp1\views.py changed, reloading.
INFO 2023-09-01 11:15:39,363 autoreload 15920 17552 Watching for file changes with StatReloader
ERROR 2023-09-01 11:15:44,262 exception 15920 16980 Invalid HTTP_HOST header: '127.0.0.1:8000'. You may need to add '127.0.0.1' to ALLOWED_HOSTS.
Traceback (most recent call last):
  File "C:\G\Project\Django\venv\Lib\site-packages\django\core\handlers\exception.py", line 55, in inner
    response = get_response(request)
               ^^^^^^^^^^^^^^^^^^^^^
  File "C:\G\Project\Django\venv\Lib\site-packages\django\utils\deprecation.py", line 133, in __call__
    response = self.process_request(request)
               ^^^^^^^^^^^^^^^^^^^^^^^^^^^^^
  File "C:\G\Project\Django\venv\Lib\site-packages\django\middleware\common.py", line 48, in process_request
    host = request.get_host()
           ^^^^^^^^^^^^^^^^^^
  File "C:\G\Project\Django\venv\Lib\site-packages\django\http\request.py", line 150, in get_host
    raise DisallowedHost(msg)
django.core.exceptions.DisallowedHost: Invalid HTTP_HOST header: '127.0.0.1:8000'. You may need to add '127.0.0.1' to ALLOWED_HOSTS.
WARNING 2023-09-01 11:15:44,300 log 15920 16980 Bad Request: /
WARNING 2023-09-01 11:15:44,300 basehttp 15920 16980 "GET / HTTP/1.1" 400 69936
ERROR 2023-09-01 11:15:44,395 exception 15920 2636 Invalid HTTP_HOST header: '127.0.0.1:8000'. You may need to add '127.0.0.1' to ALLOWED_HOSTS.
Traceback (most recent call last):
  File "C:\G\Project\Django\venv\Lib\site-packages\django\core\handlers\exception.py", line 55, in inner
    response = get_response(request)
               ^^^^^^^^^^^^^^^^^^^^^
  File "C:\G\Project\Django\venv\Lib\site-packages\django\utils\deprecation.py", line 133, in __call__
    response = self.process_request(request)
               ^^^^^^^^^^^^^^^^^^^^^^^^^^^^^
  File "C:\G\Project\Django\venv\Lib\site-packages\django\middleware\common.py", line 48, in process_request
    host = request.get_host()
           ^^^^^^^^^^^^^^^^^^
  File "C:\G\Project\Django\venv\Lib\site-packages\django\http\request.py", line 150, in get_host
    raise DisallowedHost(msg)
django.core.exceptions.DisallowedHost: Invalid HTTP_HOST header: '127.0.0.1:8000'. You may need to add '127.0.0.1' to ALLOWED_HOSTS.
WARNING 2023-09-01 11:15:44,417 log 15920 2636 Bad Request: /favicon.ico
WARNING 2023-09-01 11:15:44,418 basehttp 15920 2636 "GET /favicon.ico HTTP/1.1" 400 69861
ERROR 2023-09-01 11:15:52,660 exception 15920 5172 Invalid HTTP_HOST header: '127.0.0.1:8000'. You may need to add '127.0.0.1' to ALLOWED_HOSTS.
Traceback (most recent call last):
  File "C:\G\Project\Django\venv\Lib\site-packages\django\core\handlers\exception.py", line 55, in inner
    response = get_response(request)
               ^^^^^^^^^^^^^^^^^^^^^
  File "C:\G\Project\Django\venv\Lib\site-packages\django\utils\deprecation.py", line 133, in __call__
    response = self.process_request(request)
               ^^^^^^^^^^^^^^^^^^^^^^^^^^^^^
  File "C:\G\Project\Django\venv\Lib\site-packages\django\middleware\common.py", line 48, in process_request
    host = request.get_host()
           ^^^^^^^^^^^^^^^^^^
  File "C:\G\Project\Django\venv\Lib\site-packages\django\http\request.py", line 150, in get_host
    raise DisallowedHost(msg)
django.core.exceptions.DisallowedHost: Invalid HTTP_HOST header: '127.0.0.1:8000'. You may need to add '127.0.0.1' to ALLOWED_HOSTS.
WARNING 2023-09-01 11:15:52,681 log 15920 5172 Bad Request: /app1
WARNING 2023-09-01 11:15:52,681 basehttp 15920 5172 "GET /app1 HTTP/1.1" 400 69980
ERROR 2023-09-01 11:15:52,731 exception 15920 15656 Invalid HTTP_HOST header: '127.0.0.1:8000'. You may need to add '127.0.0.1' to ALLOWED_HOSTS.
Traceback (most recent call last):
  File "C:\G\Project\Django\venv\Lib\site-packages\django\core\handlers\exception.py", line 55, in inner
    response = get_response(request)
               ^^^^^^^^^^^^^^^^^^^^^
  File "C:\G\Project\Django\venv\Lib\site-packages\django\utils\deprecation.py", line 133, in __call__
    response = self.process_request(request)
               ^^^^^^^^^^^^^^^^^^^^^^^^^^^^^
  File "C:\G\Project\Django\venv\Lib\site-packages\django\middleware\common.py", line 48, in process_request
    host = request.get_host()
           ^^^^^^^^^^^^^^^^^^
  File "C:\G\Project\Django\venv\Lib\site-packages\django\http\request.py", line 150, in get_host
    raise DisallowedHost(msg)
django.core.exceptions.DisallowedHost: Invalid HTTP_HOST header: '127.0.0.1:8000'. You may need to add '127.0.0.1' to ALLOWED_HOSTS.
WARNING 2023-09-01 11:15:52,755 log 15920 15656 Bad Request: /favicon.ico
WARNING 2023-09-01 11:15:52,756 basehttp 15920 15656 "GET /favicon.ico HTTP/1.1" 400 69865
ERROR 2023-09-01 11:16:03,434 exception 15920 19276 Invalid HTTP_HOST header: '127.0.0.1:8000'. You may need to add '127.0.0.1' to ALLOWED_HOSTS.
Traceback (most recent call last):
  File "C:\G\Project\Django\venv\Lib\site-packages\django\core\handlers\exception.py", line 55, in inner
    response = get_response(request)
               ^^^^^^^^^^^^^^^^^^^^^
  File "C:\G\Project\Django\venv\Lib\site-packages\django\utils\deprecation.py", line 133, in __call__
    response = self.process_request(request)
               ^^^^^^^^^^^^^^^^^^^^^^^^^^^^^
  File "C:\G\Project\Django\venv\Lib\site-packages\django\middleware\common.py", line 48, in process_request
    host = request.get_host()
           ^^^^^^^^^^^^^^^^^^
  File "C:\G\Project\Django\venv\Lib\site-packages\django\http\request.py", line 150, in get_host
    raise DisallowedHost(msg)
django.core.exceptions.DisallowedHost: Invalid HTTP_HOST header: '127.0.0.1:8000'. You may need to add '127.0.0.1' to ALLOWED_HOSTS.
WARNING 2023-09-01 11:16:03,452 log 15920 19276 Bad Request: /myapp1
WARNING 2023-09-01 11:16:03,453 basehttp 15920 19276 "GET /myapp1 HTTP/1.1" 400 70002
ERROR 2023-09-01 11:16:03,503 exception 15920 19280 Invalid HTTP_HOST header: '127.0.0.1:8000'. You may need to add '127.0.0.1' to ALLOWED_HOSTS.
Traceback (most recent call last):
  File "C:\G\Project\Django\venv\Lib\site-packages\django\core\handlers\exception.py", line 55, in inner
    response = get_response(request)
               ^^^^^^^^^^^^^^^^^^^^^
  File "C:\G\Project\Django\venv\Lib\site-packages\django\utils\deprecation.py", line 133, in __call__
    response = self.process_request(request)
               ^^^^^^^^^^^^^^^^^^^^^^^^^^^^^
  File "C:\G\Project\Django\venv\Lib\site-packages\django\middleware\common.py", line 48, in process_request
    host = request.get_host()
           ^^^^^^^^^^^^^^^^^^
  File "C:\G\Project\Django\venv\Lib\site-packages\django\http\request.py", line 150, in get_host
    raise DisallowedHost(msg)
django.core.exceptions.DisallowedHost: Invalid HTTP_HOST header: '127.0.0.1:8000'. You may need to add '127.0.0.1' to ALLOWED_HOSTS.
WARNING 2023-09-01 11:16:03,522 log 15920 19280 Bad Request: /favicon.ico
WARNING 2023-09-01 11:16:03,523 basehttp 15920 19280 "GET /favicon.ico HTTP/1.1" 400 69867
INFO 2023-09-01 11:16:15,376 autoreload 15920 17552 C:\G\Project\Django\firstdjango\firstdjango\urls.py changed, reloading.
INFO 2023-09-01 11:16:15,786 autoreload 18720 18688 Watching for file changes with StatReloader
ERROR 2023-09-01 11:16:17,901 exception 18720 18992 Invalid HTTP_HOST header: '127.0.0.1:8000'. You may need to add '127.0.0.1' to ALLOWED_HOSTS.
Traceback (most recent call last):
  File "C:\G\Project\Django\venv\Lib\site-packages\django\core\handlers\exception.py", line 55, in inner
    response = get_response(request)
               ^^^^^^^^^^^^^^^^^^^^^
  File "C:\G\Project\Django\venv\Lib\site-packages\django\utils\deprecation.py", line 133, in __call__
    response = self.process_request(request)
               ^^^^^^^^^^^^^^^^^^^^^^^^^^^^^
  File "C:\G\Project\Django\venv\Lib\site-packages\django\middleware\common.py", line 48, in process_request
    host = request.get_host()
           ^^^^^^^^^^^^^^^^^^
  File "C:\G\Project\Django\venv\Lib\site-packages\django\http\request.py", line 150, in get_host
    raise DisallowedHost(msg)
django.core.exceptions.DisallowedHost: Invalid HTTP_HOST header: '127.0.0.1:8000'. You may need to add '127.0.0.1' to ALLOWED_HOSTS.
WARNING 2023-09-01 11:16:17,939 log 18720 18992 Bad Request: /myapp1
WARNING 2023-09-01 11:16:17,940 basehttp 18720 18992 "GET /myapp1 HTTP/1.1" 400 70139
ERROR 2023-09-01 11:16:17,979 exception 18720 18996 Invalid HTTP_HOST header: '127.0.0.1:8000'. You may need to add '127.0.0.1' to ALLOWED_HOSTS.
Traceback (most recent call last):
  File "C:\G\Project\Django\venv\Lib\site-packages\django\core\handlers\exception.py", line 55, in inner
    response = get_response(request)
               ^^^^^^^^^^^^^^^^^^^^^
  File "C:\G\Project\Django\venv\Lib\site-packages\django\utils\deprecation.py", line 133, in __call__
    response = self.process_request(request)
               ^^^^^^^^^^^^^^^^^^^^^^^^^^^^^
  File "C:\G\Project\Django\venv\Lib\site-packages\django\middleware\common.py", line 48, in process_request
    host = request.get_host()
           ^^^^^^^^^^^^^^^^^^
  File "C:\G\Project\Django\venv\Lib\site-packages\django\http\request.py", line 150, in get_host
    raise DisallowedHost(msg)
django.core.exceptions.DisallowedHost: Invalid HTTP_HOST header: '127.0.0.1:8000'. You may need to add '127.0.0.1' to ALLOWED_HOSTS.
WARNING 2023-09-01 11:16:17,992 log 18720 18996 Bad Request: /favicon.ico
WARNING 2023-09-01 11:16:17,992 basehttp 18720 18996 "GET /favicon.ico HTTP/1.1" 400 69867
ERROR 2023-09-01 11:16:20,266 exception 18720 10640 Invalid HTTP_HOST header: '127.0.0.1:8000'. You may need to add '127.0.0.1' to ALLOWED_HOSTS.
Traceback (most recent call last):
  File "C:\G\Project\Django\venv\Lib\site-packages\django\core\handlers\exception.py", line 55, in inner
    response = get_response(request)
               ^^^^^^^^^^^^^^^^^^^^^
  File "C:\G\Project\Django\venv\Lib\site-packages\django\utils\deprecation.py", line 133, in __call__
    response = self.process_request(request)
               ^^^^^^^^^^^^^^^^^^^^^^^^^^^^^
  File "C:\G\Project\Django\venv\Lib\site-packages\django\middleware\common.py", line 48, in process_request
    host = request.get_host()
           ^^^^^^^^^^^^^^^^^^
  File "C:\G\Project\Django\venv\Lib\site-packages\django\http\request.py", line 150, in get_host
    raise DisallowedHost(msg)
django.core.exceptions.DisallowedHost: Invalid HTTP_HOST header: '127.0.0.1:8000'. You may need to add '127.0.0.1' to ALLOWED_HOSTS.
WARNING 2023-09-01 11:16:20,283 log 18720 10640 Bad Request: /myapp1/
WARNING 2023-09-01 11:16:20,284 basehttp 18720 10640 "GET /myapp1/ HTTP/1.1" 400 70013
ERROR 2023-09-01 11:16:20,324 exception 18720 10852 Invalid HTTP_HOST header: '127.0.0.1:8000'. You may need to add '127.0.0.1' to ALLOWED_HOSTS.
Traceback (most recent call last):
  File "C:\G\Project\Django\venv\Lib\site-packages\django\core\handlers\exception.py", line 55, in inner
    response = get_response(request)
               ^^^^^^^^^^^^^^^^^^^^^
  File "C:\G\Project\Django\venv\Lib\site-packages\django\utils\deprecation.py", line 133, in __call__
    response = self.process_request(request)
               ^^^^^^^^^^^^^^^^^^^^^^^^^^^^^
  File "C:\G\Project\Django\venv\Lib\site-packages\django\middleware\common.py", line 48, in process_request
    host = request.get_host()
           ^^^^^^^^^^^^^^^^^^
  File "C:\G\Project\Django\venv\Lib\site-packages\django\http\request.py", line 150, in get_host
    raise DisallowedHost(msg)
django.core.exceptions.DisallowedHost: Invalid HTTP_HOST header: '127.0.0.1:8000'. You may need to add '127.0.0.1' to ALLOWED_HOSTS.
WARNING 2023-09-01 11:16:20,346 log 18720 10852 Bad Request: /favicon.ico
WARNING 2023-09-01 11:16:20,346 basehttp 18720 10852 "GET /favicon.ico HTTP/1.1" 400 69868
INFO 2023-09-01 11:16:35,727 autoreload 10012 18104 Watching for file changes with StatReloader
ERROR 2023-09-01 11:16:38,317 exception 10012 18564 Invalid HTTP_HOST header: '127.0.0.1:8000'. You may need to add '127.0.0.1' to ALLOWED_HOSTS.
Traceback (most recent call last):
  File "C:\G\Project\Django\venv\Lib\site-packages\django\core\handlers\exception.py", line 55, in inner
    response = get_response(request)
               ^^^^^^^^^^^^^^^^^^^^^
  File "C:\G\Project\Django\venv\Lib\site-packages\django\utils\deprecation.py", line 133, in __call__
    response = self.process_request(request)
               ^^^^^^^^^^^^^^^^^^^^^^^^^^^^^
  File "C:\G\Project\Django\venv\Lib\site-packages\django\middleware\common.py", line 48, in process_request
    host = request.get_host()
           ^^^^^^^^^^^^^^^^^^
  File "C:\G\Project\Django\venv\Lib\site-packages\django\http\request.py", line 150, in get_host
    raise DisallowedHost(msg)
django.core.exceptions.DisallowedHost: Invalid HTTP_HOST header: '127.0.0.1:8000'. You may need to add '127.0.0.1' to ALLOWED_HOSTS.
WARNING 2023-09-01 11:16:38,367 log 10012 18564 Bad Request: /
WARNING 2023-09-01 11:16:38,368 basehttp 10012 18564 "GET / HTTP/1.1" 400 69936
ERROR 2023-09-01 11:16:38,461 exception 10012 18516 Invalid HTTP_HOST header: '127.0.0.1:8000'. You may need to add '127.0.0.1' to ALLOWED_HOSTS.
Traceback (most recent call last):
  File "C:\G\Project\Django\venv\Lib\site-packages\django\core\handlers\exception.py", line 55, in inner
    response = get_response(request)
               ^^^^^^^^^^^^^^^^^^^^^
  File "C:\G\Project\Django\venv\Lib\site-packages\django\utils\deprecation.py", line 133, in __call__
    response = self.process_request(request)
               ^^^^^^^^^^^^^^^^^^^^^^^^^^^^^
  File "C:\G\Project\Django\venv\Lib\site-packages\django\middleware\common.py", line 48, in process_request
    host = request.get_host()
           ^^^^^^^^^^^^^^^^^^
  File "C:\G\Project\Django\venv\Lib\site-packages\django\http\request.py", line 150, in get_host
    raise DisallowedHost(msg)
django.core.exceptions.DisallowedHost: Invalid HTTP_HOST header: '127.0.0.1:8000'. You may need to add '127.0.0.1' to ALLOWED_HOSTS.
WARNING 2023-09-01 11:16:38,480 log 10012 18516 Bad Request: /favicon.ico
WARNING 2023-09-01 11:16:38,481 basehttp 10012 18516 "GET /favicon.ico HTTP/1.1" 400 69861
ERROR 2023-09-01 11:16:52,813 exception 10012 18776 Invalid HTTP_HOST header: '127.0.0.1:8000'. You may need to add '127.0.0.1' to ALLOWED_HOSTS.
Traceback (most recent call last):
  File "C:\G\Project\Django\venv\Lib\site-packages\django\core\handlers\exception.py", line 55, in inner
    response = get_response(request)
               ^^^^^^^^^^^^^^^^^^^^^
  File "C:\G\Project\Django\venv\Lib\site-packages\django\utils\deprecation.py", line 133, in __call__
    response = self.process_request(request)
               ^^^^^^^^^^^^^^^^^^^^^^^^^^^^^
  File "C:\G\Project\Django\venv\Lib\site-packages\django\middleware\common.py", line 48, in process_request
    host = request.get_host()
           ^^^^^^^^^^^^^^^^^^
  File "C:\G\Project\Django\venv\Lib\site-packages\django\http\request.py", line 150, in get_host
    raise DisallowedHost(msg)
django.core.exceptions.DisallowedHost: Invalid HTTP_HOST header: '127.0.0.1:8000'. You may need to add '127.0.0.1' to ALLOWED_HOSTS.
WARNING 2023-09-01 11:16:52,834 log 10012 18776 Bad Request: /prefix/
WARNING 2023-09-01 11:16:52,835 basehttp 10012 18776 "GET /prefix/ HTTP/1.1" 400 70013
ERROR 2023-09-01 11:16:52,883 exception 10012 18804 Invalid HTTP_HOST header: '127.0.0.1:8000'. You may need to add '127.0.0.1' to ALLOWED_HOSTS.
Traceback (most recent call last):
  File "C:\G\Project\Django\venv\Lib\site-packages\django\core\handlers\exception.py", line 55, in inner
    response = get_response(request)
               ^^^^^^^^^^^^^^^^^^^^^
  File "C:\G\Project\Django\venv\Lib\site-packages\django\utils\deprecation.py", line 133, in __call__
    response = self.process_request(request)
               ^^^^^^^^^^^^^^^^^^^^^^^^^^^^^
  File "C:\G\Project\Django\venv\Lib\site-packages\django\middleware\common.py", line 48, in process_request
    host = request.get_host()
           ^^^^^^^^^^^^^^^^^^
  File "C:\G\Project\Django\venv\Lib\site-packages\django\http\request.py", line 150, in get_host
    raise DisallowedHost(msg)
django.core.exceptions.DisallowedHost: Invalid HTTP_HOST header: '127.0.0.1:8000'. You may need to add '127.0.0.1' to ALLOWED_HOSTS.
WARNING 2023-09-01 11:16:52,904 log 10012 18804 Bad Request: /favicon.ico
WARNING 2023-09-01 11:16:52,905 basehttp 10012 18804 "GET /favicon.ico HTTP/1.1" 400 69868
ERROR 2023-09-01 11:17:00,422 exception 10012 6120 Invalid HTTP_HOST header: '127.0.0.1:8000'. You may need to add '127.0.0.1' to ALLOWED_HOSTS.
Traceback (most recent call last):
  File "C:\G\Project\Django\venv\Lib\site-packages\django\core\handlers\exception.py", line 55, in inner
    response = get_response(request)
               ^^^^^^^^^^^^^^^^^^^^^
  File "C:\G\Project\Django\venv\Lib\site-packages\django\utils\deprecation.py", line 133, in __call__
    response = self.process_request(request)
               ^^^^^^^^^^^^^^^^^^^^^^^^^^^^^
  File "C:\G\Project\Django\venv\Lib\site-packages\django\middleware\common.py", line 48, in process_request
    host = request.get_host()
           ^^^^^^^^^^^^^^^^^^
  File "C:\G\Project\Django\venv\Lib\site-packages\django\http\request.py", line 150, in get_host
    raise DisallowedHost(msg)
django.core.exceptions.DisallowedHost: Invalid HTTP_HOST header: '127.0.0.1:8000'. You may need to add '127.0.0.1' to ALLOWED_HOSTS.
WARNING 2023-09-01 11:17:00,439 log 10012 6120 Bad Request: /admin/
WARNING 2023-09-01 11:17:00,440 basehttp 10012 6120 "GET /admin/ HTTP/1.1" 400 70100
ERROR 2023-09-01 11:17:00,493 exception 10012 18924 Invalid HTTP_HOST header: '127.0.0.1:8000'. You may need to add '127.0.0.1' to ALLOWED_HOSTS.
Traceback (most recent call last):
  File "C:\G\Project\Django\venv\Lib\site-packages\django\core\handlers\exception.py", line 55, in inner
    response = get_response(request)
               ^^^^^^^^^^^^^^^^^^^^^
  File "C:\G\Project\Django\venv\Lib\site-packages\django\utils\deprecation.py", line 133, in __call__
    response = self.process_request(request)
               ^^^^^^^^^^^^^^^^^^^^^^^^^^^^^
  File "C:\G\Project\Django\venv\Lib\site-packages\django\middleware\common.py", line 48, in process_request
    host = request.get_host()
           ^^^^^^^^^^^^^^^^^^
  File "C:\G\Project\Django\venv\Lib\site-packages\django\http\request.py", line 150, in get_host
    raise DisallowedHost(msg)
django.core.exceptions.DisallowedHost: Invalid HTTP_HOST header: '127.0.0.1:8000'. You may need to add '127.0.0.1' to ALLOWED_HOSTS.
WARNING 2023-09-01 11:17:00,516 log 10012 18924 Bad Request: /favicon.ico
WARNING 2023-09-01 11:17:00,516 basehttp 10012 18924 "GET /favicon.ico HTTP/1.1" 400 69867
ERROR 2023-09-01 11:17:11,414 exception 10012 19184 Invalid HTTP_HOST header: '127.0.0.1:8000'. You may need to add '127.0.0.1' to ALLOWED_HOSTS.
Traceback (most recent call last):
  File "C:\G\Project\Django\venv\Lib\site-packages\django\core\handlers\exception.py", line 55, in inner
    response = get_response(request)
               ^^^^^^^^^^^^^^^^^^^^^
  File "C:\G\Project\Django\venv\Lib\site-packages\django\utils\deprecation.py", line 133, in __call__
    response = self.process_request(request)
               ^^^^^^^^^^^^^^^^^^^^^^^^^^^^^
  File "C:\G\Project\Django\venv\Lib\site-packages\django\middleware\common.py", line 48, in process_request
    host = request.get_host()
           ^^^^^^^^^^^^^^^^^^
  File "C:\G\Project\Django\venv\Lib\site-packages\django\http\request.py", line 150, in get_host
    raise DisallowedHost(msg)
django.core.exceptions.DisallowedHost: Invalid HTTP_HOST header: '127.0.0.1:8000'. You may need to add '127.0.0.1' to ALLOWED_HOSTS.
WARNING 2023-09-01 11:17:11,436 log 10012 19184 Bad Request: /myapp/
WARNING 2023-09-01 11:17:11,437 basehttp 10012 19184 "GET /myapp/ HTTP/1.1" 400 70085
ERROR 2023-09-01 11:17:11,482 exception 10012 19152 Invalid HTTP_HOST header: '127.0.0.1:8000'. You may need to add '127.0.0.1' to ALLOWED_HOSTS.
Traceback (most recent call last):
  File "C:\G\Project\Django\venv\Lib\site-packages\django\core\handlers\exception.py", line 55, in inner
    response = get_response(request)
               ^^^^^^^^^^^^^^^^^^^^^
  File "C:\G\Project\Django\venv\Lib\site-packages\django\utils\deprecation.py", line 133, in __call__
    response = self.process_request(request)
               ^^^^^^^^^^^^^^^^^^^^^^^^^^^^^
  File "C:\G\Project\Django\venv\Lib\site-packages\django\middleware\common.py", line 48, in process_request
    host = request.get_host()
           ^^^^^^^^^^^^^^^^^^
  File "C:\G\Project\Django\venv\Lib\site-packages\django\http\request.py", line 150, in get_host
    raise DisallowedHost(msg)
django.core.exceptions.DisallowedHost: Invalid HTTP_HOST header: '127.0.0.1:8000'. You may need to add '127.0.0.1' to ALLOWED_HOSTS.
WARNING 2023-09-01 11:17:11,498 log 10012 19152 Bad Request: /favicon.ico
WARNING 2023-09-01 11:17:11,498 basehttp 10012 19152 "GET /favicon.ico HTTP/1.1" 400 69867
ERROR 2023-09-01 11:17:46,256 exception 10012 19204 Invalid HTTP_HOST header: '127.0.0.1:8000'. You may need to add '127.0.0.1' to ALLOWED_HOSTS.
Traceback (most recent call last):
  File "C:\G\Project\Django\venv\Lib\site-packages\django\core\handlers\exception.py", line 55, in inner
    response = get_response(request)
               ^^^^^^^^^^^^^^^^^^^^^
  File "C:\G\Project\Django\venv\Lib\site-packages\django\utils\deprecation.py", line 133, in __call__
    response = self.process_request(request)
               ^^^^^^^^^^^^^^^^^^^^^^^^^^^^^
  File "C:\G\Project\Django\venv\Lib\site-packages\django\middleware\common.py", line 48, in process_request
    host = request.get_host()
           ^^^^^^^^^^^^^^^^^^
  File "C:\G\Project\Django\venv\Lib\site-packages\django\http\request.py", line 150, in get_host
    raise DisallowedHost(msg)
django.core.exceptions.DisallowedHost: Invalid HTTP_HOST header: '127.0.0.1:8000'. You may need to add '127.0.0.1' to ALLOWED_HOSTS.
WARNING 2023-09-01 11:17:46,276 log 10012 19204 Bad Request: /myapp1/
WARNING 2023-09-01 11:17:46,276 basehttp 10012 19204 "GET /myapp1/ HTTP/1.1" 400 70013
ERROR 2023-09-01 11:17:46,318 exception 10012 17660 Invalid HTTP_HOST header: '127.0.0.1:8000'. You may need to add '127.0.0.1' to ALLOWED_HOSTS.
Traceback (most recent call last):
  File "C:\G\Project\Django\venv\Lib\site-packages\django\core\handlers\exception.py", line 55, in inner
    response = get_response(request)
               ^^^^^^^^^^^^^^^^^^^^^
  File "C:\G\Project\Django\venv\Lib\site-packages\django\utils\deprecation.py", line 133, in __call__
    response = self.process_request(request)
               ^^^^^^^^^^^^^^^^^^^^^^^^^^^^^
  File "C:\G\Project\Django\venv\Lib\site-packages\django\middleware\common.py", line 48, in process_request
    host = request.get_host()
           ^^^^^^^^^^^^^^^^^^
  File "C:\G\Project\Django\venv\Lib\site-packages\django\http\request.py", line 150, in get_host
    raise DisallowedHost(msg)
django.core.exceptions.DisallowedHost: Invalid HTTP_HOST header: '127.0.0.1:8000'. You may need to add '127.0.0.1' to ALLOWED_HOSTS.
WARNING 2023-09-01 11:17:46,333 log 10012 17660 Bad Request: /favicon.ico
WARNING 2023-09-01 11:17:46,334 basehttp 10012 17660 "GET /favicon.ico HTTP/1.1" 400 69868
INFO 2023-09-01 11:18:39,195 autoreload 13688 18448 Watching for file changes with StatReloader
WARNING 2023-09-01 11:18:40,767 log 13688 18164 Not Found: /
WARNING 2023-09-01 11:18:40,768 basehttp 13688 18164 "GET / HTTP/1.1" 404 2280
INFO 2023-09-01 11:18:53,203 basehttp 13688 18164 "GET /admin HTTP/1.1" 301 0
INFO 2023-09-01 11:18:53,212 basehttp 13688 18500 "GET /admin/ HTTP/1.1" 302 0
INFO 2023-09-01 11:18:53,239 basehttp 13688 18500 "GET /admin/login/?next=/admin/ HTTP/1.1" 200 4181
INFO 2023-09-01 11:18:53,330 basehttp 13688 18500 "GET /static/admin/css/base.css HTTP/1.1" 200 21207
INFO 2023-09-01 11:18:53,335 basehttp 13688 18500 "GET /static/admin/js/nav_sidebar.js HTTP/1.1" 200 3063
INFO 2023-09-01 11:18:53,337 basehttp 13688 15864 "GET /static/admin/css/login.css HTTP/1.1" 200 958
INFO 2023-09-01 11:18:53,337 basehttp 13688 16980 "GET /static/admin/css/responsive.css HTTP/1.1" 200 18533
INFO 2023-09-01 11:18:53,338 basehttp 13688 17588 "GET /static/admin/css/dark_mode.css HTTP/1.1" 200 2929
INFO 2023-09-01 11:18:53,339 basehttp 13688 18584 "GET /static/admin/css/nav_sidebar.css HTTP/1.1" 200 2694
INFO 2023-09-01 11:18:53,340 basehttp 13688 18916 "GET /static/admin/js/theme.js HTTP/1.1" 200 1943
INFO 2023-09-01 11:19:04,968 basehttp 13688 18916 "GET /myapp HTTP/1.1" 301 0
INFO 2023-09-01 11:19:04,972 views 13688 18584 Index page accessed
INFO 2023-09-01 11:19:04,973 basehttp 13688 18584 "GET /myapp/ HTTP/1.1" 200 13
WARNING 2023-09-01 11:19:09,766 log 13688 18584 Not Found: /myapp1/
WARNING 2023-09-01 11:19:09,767 basehttp 13688 18584 "GET /myapp1/ HTTP/1.1" 404 2734
INFO 2023-09-01 11:19:22,779 basehttp 13688 18584 "GET /myapp1/coin HTTP/1.1" 301 0
INFO 2023-09-01 11:19:22,783 basehttp 13688 17588 "GET /myapp1/coin/ HTTP/1.1" 200 82
INFO 2023-09-01 11:19:32,105 basehttp 13688 17588 "GET /myapp1/cube/ HTTP/1.1" 200 75
INFO 2023-09-01 11:19:39,288 basehttp 13688 17588 "GET /myapp1/rand100/ HTTP/1.1" 200 96
WARNING 2023-09-01 11:19:50,348 log 13688 17588 Not Found: /
WARNING 2023-09-01 11:19:50,349 basehttp 13688 17588 "GET / HTTP/1.1" 404 2280
INFO 2023-09-01 11:19:56,665 views 13688 17588 Index page accessed
INFO 2023-09-01 11:19:56,666 basehttp 13688 17588 "GET /myapp/ HTTP/1.1" 200 13
INFO 2023-09-01 11:24:15,979 autoreload 13688 18448 C:\G\Project\Django\firstdjango\firstdjango\settings.py changed, reloading.
INFO 2023-09-01 11:24:16,405 autoreload 15940 18136 Watching for file changes with StatReloader
INFO 2023-09-01 11:24:47,131 autoreload 15940 18136 C:\G\Project\Django\firstdjango\firstdjango\settings.py changed, reloading.
INFO 2023-09-01 11:24:47,580 autoreload 18016 19196 Watching for file changes with StatReloader
WARNING 2023-09-01 11:33:59,745 log 18016 16348 Not Found: /
WARNING 2023-09-01 11:33:59,746 basehttp 18016 16348 "GET / HTTP/1.1" 404 2280
INFO 2023-09-01 11:34:06,910 views 18016 16348 Сгенерированно значение - 33
INFO 2023-09-01 11:34:06,911 basehttp 18016 16348 "GET /myapp1/rand100/ HTTP/1.1" 200 96
INFO 2023-09-01 11:34:08,492 views 18016 16348 Сгенерированно значение - 81
INFO 2023-09-01 11:34:08,493 basehttp 18016 16348 "GET /myapp1/rand100/ HTTP/1.1" 200 96
INFO 2023-09-01 11:34:09,078 views 18016 16348 Сгенерированно значение - 87
INFO 2023-09-01 11:34:09,079 basehttp 18016 16348 "GET /myapp1/rand100/ HTTP/1.1" 200 96
INFO 2023-09-01 11:34:17,597 views 18016 16348 Сгенерированно значение - 3
INFO 2023-09-01 11:34:17,597 basehttp 18016 16348 "GET /myapp1/rand100/ HTTP/1.1" 200 95
INFO 2023-09-01 11:34:25,667 views 18016 16348 Сгенерированно значение - 38
INFO 2023-09-01 11:34:25,668 basehttp 18016 16348 "GET /myapp1/rand100/ HTTP/1.1" 200 96
INFO 2023-09-01 11:47:05,181 autoreload 18016 19196 C:\G\Project\Django\firstdjango\firstdjango\settings.py changed, reloading.
INFO 2023-09-01 11:47:05,634 autoreload 3708 17020 Watching for file changes with StatReloader
INFO 2023-09-01 11:47:25,184 autoreload 3708 17020 C:\G\Project\Django\firstdjango\firstdjango\settings.py changed, reloading.
INFO 2023-09-01 11:47:25,598 autoreload 18684 12824 Watching for file changes with StatReloader
INFO 2023-09-01 11:47:30,902 autoreload 18684 12824 C:\G\Project\Django\firstdjango\firstdjango\settings.py changed, reloading.
INFO 2023-09-01 11:47:31,338 autoreload 18704 16980 Watching for file changes with StatReloader
INFO 2023-09-01 11:47:34,839 basehttp 18704 18896 "GET /myapp1/rand100/ HTTP/1.1" 200 96
INFO 2023-09-01 11:47:35,459 basehttp 18704 18896 "GET /myapp1/rand100/ HTTP/1.1" 200 96
INFO 2023-09-01 11:47:35,903 basehttp 18704 18896 "GET /myapp1/rand100/ HTTP/1.1" 200 97
INFO 2023-09-01 11:47:36,157 basehttp 18704 18896 "GET /myapp1/rand100/ HTTP/1.1" 200 95
INFO 2023-09-01 12:13:49,007 autoreload 12436 2852 Watching for file changes with StatReloader
ERROR 2023-09-01 12:13:50,499 exception 12436 18016 Invalid HTTP_HOST header: '127.0.0.1:8000'. You may need to add '127.0.0.1' to ALLOWED_HOSTS.
Traceback (most recent call last):
  File "C:\G\Project\Django\venv\Lib\site-packages\django\core\handlers\exception.py", line 55, in inner
    response = get_response(request)
               ^^^^^^^^^^^^^^^^^^^^^
  File "C:\G\Project\Django\venv\Lib\site-packages\django\utils\deprecation.py", line 133, in __call__
    response = self.process_request(request)
               ^^^^^^^^^^^^^^^^^^^^^^^^^^^^^
  File "C:\G\Project\Django\venv\Lib\site-packages\django\middleware\common.py", line 48, in process_request
    host = request.get_host()
           ^^^^^^^^^^^^^^^^^^
  File "C:\G\Project\Django\venv\Lib\site-packages\django\http\request.py", line 150, in get_host
    raise DisallowedHost(msg)
django.core.exceptions.DisallowedHost: Invalid HTTP_HOST header: '127.0.0.1:8000'. You may need to add '127.0.0.1' to ALLOWED_HOSTS.
WARNING 2023-09-01 12:13:50,545 log 12436 18016 Bad Request: /
WARNING 2023-09-01 12:13:50,546 basehttp 12436 18016 "GET / HTTP/1.1" 400 71161
ERROR 2023-09-01 12:13:50,640 exception 12436 6700 Invalid HTTP_HOST header: '127.0.0.1:8000'. You may need to add '127.0.0.1' to ALLOWED_HOSTS.
Traceback (most recent call last):
  File "C:\G\Project\Django\venv\Lib\site-packages\django\core\handlers\exception.py", line 55, in inner
    response = get_response(request)
               ^^^^^^^^^^^^^^^^^^^^^
  File "C:\G\Project\Django\venv\Lib\site-packages\django\utils\deprecation.py", line 133, in __call__
    response = self.process_request(request)
               ^^^^^^^^^^^^^^^^^^^^^^^^^^^^^
  File "C:\G\Project\Django\venv\Lib\site-packages\django\middleware\common.py", line 48, in process_request
    host = request.get_host()
           ^^^^^^^^^^^^^^^^^^
  File "C:\G\Project\Django\venv\Lib\site-packages\django\http\request.py", line 150, in get_host
    raise DisallowedHost(msg)
django.core.exceptions.DisallowedHost: Invalid HTTP_HOST header: '127.0.0.1:8000'. You may need to add '127.0.0.1' to ALLOWED_HOSTS.
WARNING 2023-09-01 12:13:50,663 log 12436 6700 Bad Request: /favicon.ico
WARNING 2023-09-01 12:13:50,663 basehttp 12436 6700 "GET /favicon.ico HTTP/1.1" 400 71086
ERROR 2023-09-01 12:14:19,727 exception 12436 3160 Invalid HTTP_HOST header: '127.0.0.1:8000'. You may need to add '127.0.0.1' to ALLOWED_HOSTS.
Traceback (most recent call last):
  File "C:\G\Project\Django\venv\Lib\site-packages\django\core\handlers\exception.py", line 55, in inner
    response = get_response(request)
               ^^^^^^^^^^^^^^^^^^^^^
  File "C:\G\Project\Django\venv\Lib\site-packages\django\utils\deprecation.py", line 133, in __call__
    response = self.process_request(request)
               ^^^^^^^^^^^^^^^^^^^^^^^^^^^^^
  File "C:\G\Project\Django\venv\Lib\site-packages\django\middleware\common.py", line 48, in process_request
    host = request.get_host()
           ^^^^^^^^^^^^^^^^^^
  File "C:\G\Project\Django\venv\Lib\site-packages\django\http\request.py", line 150, in get_host
    raise DisallowedHost(msg)
django.core.exceptions.DisallowedHost: Invalid HTTP_HOST header: '127.0.0.1:8000'. You may need to add '127.0.0.1' to ALLOWED_HOSTS.
WARNING 2023-09-01 12:14:19,749 log 12436 3160 Bad Request: /myapp2
WARNING 2023-09-01 12:14:19,750 basehttp 12436 3160 "GET /myapp2 HTTP/1.1" 400 71227
ERROR 2023-09-01 12:14:19,796 exception 12436 19204 Invalid HTTP_HOST header: '127.0.0.1:8000'. You may need to add '127.0.0.1' to ALLOWED_HOSTS.
Traceback (most recent call last):
  File "C:\G\Project\Django\venv\Lib\site-packages\django\core\handlers\exception.py", line 55, in inner
    response = get_response(request)
               ^^^^^^^^^^^^^^^^^^^^^
  File "C:\G\Project\Django\venv\Lib\site-packages\django\utils\deprecation.py", line 133, in __call__
    response = self.process_request(request)
               ^^^^^^^^^^^^^^^^^^^^^^^^^^^^^
  File "C:\G\Project\Django\venv\Lib\site-packages\django\middleware\common.py", line 48, in process_request
    host = request.get_host()
           ^^^^^^^^^^^^^^^^^^
  File "C:\G\Project\Django\venv\Lib\site-packages\django\http\request.py", line 150, in get_host
    raise DisallowedHost(msg)
django.core.exceptions.DisallowedHost: Invalid HTTP_HOST header: '127.0.0.1:8000'. You may need to add '127.0.0.1' to ALLOWED_HOSTS.
WARNING 2023-09-01 12:14:19,815 log 12436 19204 Bad Request: /favicon.ico
WARNING 2023-09-01 12:14:19,815 basehttp 12436 19204 "GET /favicon.ico HTTP/1.1" 400 71092
INFO 2023-09-01 12:14:40,486 autoreload 10008 644 Watching for file changes with StatReloader
ERROR 2023-09-01 12:14:42,611 exception 10008 16628 Invalid HTTP_HOST header: '127.0.0.1:59480'. You may need to add '127.0.0.1' to ALLOWED_HOSTS.
Traceback (most recent call last):
  File "C:\G\Project\Django\venv\Lib\site-packages\django\core\handlers\exception.py", line 55, in inner
    response = get_response(request)
               ^^^^^^^^^^^^^^^^^^^^^
  File "C:\G\Project\Django\venv\Lib\site-packages\django\utils\deprecation.py", line 133, in __call__
    response = self.process_request(request)
               ^^^^^^^^^^^^^^^^^^^^^^^^^^^^^
  File "C:\G\Project\Django\venv\Lib\site-packages\django\middleware\common.py", line 48, in process_request
    host = request.get_host()
           ^^^^^^^^^^^^^^^^^^
  File "C:\G\Project\Django\venv\Lib\site-packages\django\http\request.py", line 150, in get_host
    raise DisallowedHost(msg)
django.core.exceptions.DisallowedHost: Invalid HTTP_HOST header: '127.0.0.1:59480'. You may need to add '127.0.0.1' to ALLOWED_HOSTS.
WARNING 2023-09-01 12:14:42,653 log 10008 16628 Bad Request: /
WARNING 2023-09-01 12:14:42,654 basehttp 10008 16628 "GET / HTTP/1.1" 400 71172
ERROR 2023-09-01 12:14:42,757 exception 10008 8992 Invalid HTTP_HOST header: '127.0.0.1:59480'. You may need to add '127.0.0.1' to ALLOWED_HOSTS.
Traceback (most recent call last):
  File "C:\G\Project\Django\venv\Lib\site-packages\django\core\handlers\exception.py", line 55, in inner
    response = get_response(request)
               ^^^^^^^^^^^^^^^^^^^^^
  File "C:\G\Project\Django\venv\Lib\site-packages\django\utils\deprecation.py", line 133, in __call__
    response = self.process_request(request)
               ^^^^^^^^^^^^^^^^^^^^^^^^^^^^^
  File "C:\G\Project\Django\venv\Lib\site-packages\django\middleware\common.py", line 48, in process_request
    host = request.get_host()
           ^^^^^^^^^^^^^^^^^^
  File "C:\G\Project\Django\venv\Lib\site-packages\django\http\request.py", line 150, in get_host
    raise DisallowedHost(msg)
django.core.exceptions.DisallowedHost: Invalid HTTP_HOST header: '127.0.0.1:59480'. You may need to add '127.0.0.1' to ALLOWED_HOSTS.
WARNING 2023-09-01 12:14:42,779 log 10008 8992 Bad Request: /favicon.ico
WARNING 2023-09-01 12:14:42,780 basehttp 10008 8992 "GET /favicon.ico HTTP/1.1" 400 71098
ERROR 2023-09-01 12:14:46,513 exception 10008 15140 Invalid HTTP_HOST header: '127.0.0.1:59480'. You may need to add '127.0.0.1' to ALLOWED_HOSTS.
Traceback (most recent call last):
  File "C:\G\Project\Django\venv\Lib\site-packages\django\core\handlers\exception.py", line 55, in inner
    response = get_response(request)
               ^^^^^^^^^^^^^^^^^^^^^
  File "C:\G\Project\Django\venv\Lib\site-packages\django\utils\deprecation.py", line 133, in __call__
    response = self.process_request(request)
               ^^^^^^^^^^^^^^^^^^^^^^^^^^^^^
  File "C:\G\Project\Django\venv\Lib\site-packages\django\middleware\common.py", line 48, in process_request
    host = request.get_host()
           ^^^^^^^^^^^^^^^^^^
  File "C:\G\Project\Django\venv\Lib\site-packages\django\http\request.py", line 150, in get_host
    raise DisallowedHost(msg)
django.core.exceptions.DisallowedHost: Invalid HTTP_HOST header: '127.0.0.1:59480'. You may need to add '127.0.0.1' to ALLOWED_HOSTS.
WARNING 2023-09-01 12:14:46,532 log 10008 15140 Bad Request: /myapp2
WARNING 2023-09-01 12:14:46,533 basehttp 10008 15140 "GET /myapp2 HTTP/1.1" 400 71238
ERROR 2023-09-01 12:14:46,580 exception 10008 18588 Invalid HTTP_HOST header: '127.0.0.1:59480'. You may need to add '127.0.0.1' to ALLOWED_HOSTS.
Traceback (most recent call last):
  File "C:\G\Project\Django\venv\Lib\site-packages\django\core\handlers\exception.py", line 55, in inner
    response = get_response(request)
               ^^^^^^^^^^^^^^^^^^^^^
  File "C:\G\Project\Django\venv\Lib\site-packages\django\utils\deprecation.py", line 133, in __call__
    response = self.process_request(request)
               ^^^^^^^^^^^^^^^^^^^^^^^^^^^^^
  File "C:\G\Project\Django\venv\Lib\site-packages\django\middleware\common.py", line 48, in process_request
    host = request.get_host()
           ^^^^^^^^^^^^^^^^^^
  File "C:\G\Project\Django\venv\Lib\site-packages\django\http\request.py", line 150, in get_host
    raise DisallowedHost(msg)
django.core.exceptions.DisallowedHost: Invalid HTTP_HOST header: '127.0.0.1:59480'. You may need to add '127.0.0.1' to ALLOWED_HOSTS.
WARNING 2023-09-01 12:14:46,598 log 10008 18588 Bad Request: /favicon.ico
WARNING 2023-09-01 12:14:46,599 basehttp 10008 18588 "GET /favicon.ico HTTP/1.1" 400 71104
INFO 2023-09-01 12:15:09,572 autoreload 14420 3616 Watching for file changes with StatReloader
WARNING 2023-09-01 12:15:10,961 log 14420 8996 Not Found: /
WARNING 2023-09-01 12:15:10,962 basehttp 14420 8996 "GET / HTTP/1.1" 404 2387
WARNING 2023-09-01 12:15:10,999 log 14420 8996 Not Found: /favicon.ico
WARNING 2023-09-01 12:15:11,000 basehttp 14420 8996 "GET /favicon.ico HTTP/1.1" 404 2438
WARNING 2023-09-01 12:15:22,613 log 14420 8996 Not Found: /myapp2
WARNING 2023-09-01 12:15:22,614 basehttp 14420 8996 "GET /myapp2 HTTP/1.1" 404 2423
INFO 2023-09-01 12:15:35,550 basehttp 14420 8996 "GET /myapp2/about HTTP/1.1" 301 0
INFO 2023-09-01 12:15:35,554 basehttp 14420 11188 "GET /myapp2/about/ HTTP/1.1" 200 541
WARNING 2023-09-01 12:15:54,616 log 14420 11188 Not Found: /myapp2/home
WARNING 2023-09-01 12:15:54,616 basehttp 14420 11188 "GET /myapp2/home HTTP/1.1" 404 2673
WARNING 2023-09-01 12:16:01,770 log 14420 11188 Not Found: /myapp2/
WARNING 2023-09-01 12:16:01,771 basehttp 14420 11188 "GET /myapp2/ HTTP/1.1" 404 2661
INFO 2023-09-01 12:16:09,993 autoreload 14420 3616 C:\G\Project\Django\firstdjango\myapp2\urls.py changed, reloading.
INFO 2023-09-01 12:16:10,427 autoreload 18488 18964 Watching for file changes with StatReloader
WARNING 2023-09-01 12:16:12,873 log 18488 14616 Not Found: /myapp2/
WARNING 2023-09-01 12:16:12,874 basehttp 18488 14616 "GET /myapp2/ HTTP/1.1" 404 2665
INFO 2023-09-01 12:16:17,198 basehttp 18488 14616 "GET /myapp2/home HTTP/1.1" 301 0
INFO 2023-09-01 12:16:17,203 basehttp 18488 7840 "GET /myapp2/home/ HTTP/1.1" 200 581
INFO 2023-09-01 12:17:04,000 autoreload 18488 18964 C:\G\Project\Django\firstdjango\myapp2\views.py changed, reloading.
INFO 2023-09-01 12:17:04,447 autoreload 3152 15844 Watching for file changes with StatReloader
INFO 2023-09-01 12:17:14,822 autoreload 3152 15844 C:\G\Project\Django\firstdjango\myapp2\views.py changed, reloading.
INFO 2023-09-01 12:17:15,319 autoreload 16776 18320 Watching for file changes with StatReloader
INFO 2023-09-01 12:17:23,678 autoreload 16776 18320 C:\G\Project\Django\firstdjango\myapp2\views.py changed, reloading.
INFO 2023-09-01 12:17:24,192 autoreload 8128 13324 Watching for file changes with StatReloader
INFO 2023-09-01 12:17:24,725 basehttp 8128 2592 "GET /myapp2/home/ HTTP/1.1" 200 221
INFO 2023-09-01 12:17:33,685 basehttp 8128 2592 "GET /myapp2/about/ HTTP/1.1" 200 211
INFO 2023-09-01 12:17:57,964 autoreload 8128 13324 C:\G\Project\Django\firstdjango\myapp2\views.py changed, reloading.
INFO 2023-09-01 12:17:58,436 autoreload 2544 5228 Watching for file changes with StatReloader
INFO 2023-09-01 12:18:03,663 basehttp 2544 10944 "GET /myapp2/about/ HTTP/1.1" 200 215
INFO 2023-09-01 12:18:04,567 basehttp 2544 10944 "GET /myapp2/about/ HTTP/1.1" 200 215
INFO 2023-09-01 12:18:21,097 autoreload 2544 5228 C:\G\Project\Django\firstdjango\myapp2\views.py changed, reloading.
INFO 2023-09-01 12:18:21,564 autoreload 18308 12496 Watching for file changes with StatReloader
INFO 2023-09-01 12:18:25,070 basehttp 18308 6124 "GET /myapp2/about/ HTTP/1.1" 200 213
INFO 2023-09-01 12:38:10,386 autoreload 16224 15240 Watching for file changes with StatReloader
INFO 2023-09-01 12:39:17,127 autoreload 13464 7356 Watching for file changes with StatReloader
INFO 2023-09-01 12:42:18,353 autoreload 14220 2044 Watching for file changes with StatReloader
INFO 2023-09-02 10:13:40,073 autoreload 5616 11980 Watching for file changes with StatReloader
WARNING 2023-09-02 10:13:42,582 log 5616 8804 Not Found: /
WARNING 2023-09-02 10:13:42,583 basehttp 5616 8804 "GET / HTTP/1.1" 404 2384
WARNING 2023-09-02 10:13:42,626 log 5616 8804 Not Found: /favicon.ico
WARNING 2023-09-02 10:13:42,628 basehttp 5616 8804 "GET /favicon.ico HTTP/1.1" 404 2435
INFO 2023-09-02 10:13:56,613 autoreload 5616 11980 C:\G\Project\Django\firstdjango\firstdjango\urls.py changed, reloading.
INFO 2023-09-02 10:13:57,074 autoreload 4128 1216 Watching for file changes with StatReloader
WARNING 2023-09-02 10:13:57,876 log 4128 9468 Not Found: /
WARNING 2023-09-02 10:13:57,876 basehttp 4128 9468 "GET / HTTP/1.1" 404 2379
WARNING 2023-09-02 10:13:58,602 log 4128 9468 Not Found: /
WARNING 2023-09-02 10:13:58,602 basehttp 4128 9468 "GET / HTTP/1.1" 404 2379
WARNING 2023-09-02 10:13:59,220 log 4128 9468 Not Found: /
WARNING 2023-09-02 10:13:59,221 basehttp 4128 9468 "GET / HTTP/1.1" 404 2379
INFO 2023-09-02 10:14:05,520 autoreload 4128 1216 C:\G\Project\Django\firstdjango\firstdjango\urls.py changed, reloading.
INFO 2023-09-02 10:14:05,992 autoreload 6880 8964 Watching for file changes with StatReloader
INFO 2023-09-02 10:14:06,425 basehttp 6880 8340 "GET / HTTP/1.1" 200 13
INFO 2023-09-02 11:56:28,807 autoreload 5552 7620 Watching for file changes with StatReloader
INFO 2023-09-02 12:10:56,172 autoreload 12700 5400 Watching for file changes with StatReloader
INFO 2023-09-02 12:14:13,551 autoreload 10632 4168 Watching for file changes with StatReloader
INFO 2023-09-02 13:27:36,244 autoreload 1836 8528 Watching for file changes with StatReloader
INFO 2023-09-02 13:29:51,723 autoreload 2604 14324 Watching for file changes with StatReloader
